May 14, 2020 3:04:55 PM com.redhat.quarkus.ls.QuarkusLanguageServer initialize
INFO: Initializing Quarkus server 0.0.4-20191120-1547 with /Users/pxw68/Documents/software/IntelliJ IDEA CE.app/Contents/jbr/Contents/Home
May 14, 2020 3:07:05 PM org.eclipse.lsp4j.jsonrpc.RemoteEndpoint handleNotification
WARNING: Notification threw an exception: {
  "jsonrpc": "2.0",
  "method": "textDocument/didChange",
  "params": {
    "textDocument": {
      "version": 62,
      "uri": "file:///Users/pxw68/Documents/code/public/cassandra-test/src/main/resources/application.properties"
    },
    "contentChanges": [
      {
        "range": {
          "start": {
            "line": 3,
            "character": 21
          },
          "end": {
            "line": 4,
            "character": 0
          }
        },
        "rangeLength": -21,
        "text": ""
      }
    ]
  }
}
java.lang.RuntimeException: java.lang.reflect.InvocationTargetException
	at org.eclipse.lsp4j.jsonrpc.services.GenericEndpoint.lambda$null$0(GenericEndpoint.java:67)
	at org.eclipse.lsp4j.jsonrpc.services.GenericEndpoint.notify(GenericEndpoint.java:152)
	at org.eclipse.lsp4j.jsonrpc.RemoteEndpoint.handleNotification(RemoteEndpoint.java:220)
	at org.eclipse.lsp4j.jsonrpc.RemoteEndpoint.consume(RemoteEndpoint.java:187)
	at com.redhat.quarkus.ls.commons.ParentProcessWatcher.lambda$apply$0(ParentProcessWatcher.java:140)
	at org.eclipse.lsp4j.jsonrpc.json.StreamMessageProducer.handleMessage(StreamMessageProducer.java:194)
	at org.eclipse.lsp4j.jsonrpc.json.StreamMessageProducer.listen(StreamMessageProducer.java:94)
	at org.eclipse.lsp4j.jsonrpc.json.ConcurrentMessageProcessor.run(ConcurrentMessageProcessor.java:113)
	at java.base/java.util.concurrent.Executors$RunnableAdapter.call(Executors.java:515)
	at java.base/java.util.concurrent.FutureTask.run(FutureTask.java:264)
	at java.base/java.util.concurrent.ThreadPoolExecutor.runWorker(ThreadPoolExecutor.java:1128)
	at java.base/java.util.concurrent.ThreadPoolExecutor$Worker.run(ThreadPoolExecutor.java:628)
	at java.base/java.lang.Thread.run(Thread.java:834)
Caused by: java.lang.reflect.InvocationTargetException
	at jdk.internal.reflect.GeneratedMethodAccessor1.invoke(Unknown Source)
	at java.base/jdk.internal.reflect.DelegatingMethodAccessorImpl.invoke(DelegatingMethodAccessorImpl.java:43)
	at java.base/java.lang.reflect.Method.invoke(Method.java:566)
	at org.eclipse.lsp4j.jsonrpc.services.GenericEndpoint.lambda$null$0(GenericEndpoint.java:65)
	... 12 more
Caused by: java.lang.StringIndexOutOfBoundsException: start 64, end 43, length 108
	at java.base/java.lang.AbstractStringBuilder.checkRangeSIOOBE(AbstractStringBuilder.java:1724)
	at java.base/java.lang.AbstractStringBuilder.replace(AbstractStringBuilder.java:946)
	at java.base/java.lang.StringBuilder.replace(StringBuilder.java:302)
	at com.redhat.quarkus.ls.commons.TextDocument.update(TextDocument.java:177)
	at com.redhat.quarkus.ls.commons.TextDocuments.onDidChangeTextDocument(TextDocuments.java:83)
	at com.redhat.quarkus.ls.QuarkusTextDocumentService.didChange(QuarkusTextDocumentService.java:113)
	... 16 more

